ARM GAS  /tmp/ccTM34kg.s 			page 1


   1              		.syntax unified
   2              		.cpu cortex-m3
   3              		.fpu softvfp
   4              		.eabi_attribute 20, 1
   5              		.eabi_attribute 21, 1
   6              		.eabi_attribute 23, 3
   7              		.eabi_attribute 24, 1
   8              		.eabi_attribute 25, 1
   9              		.eabi_attribute 26, 1
  10              		.eabi_attribute 30, 1
  11              		.eabi_attribute 34, 1
  12              		.eabi_attribute 18, 4
  13              		.thumb
  14              		.syntax unified
  15              		.file	"led.c"
  16              		.text
  17              	.Ltext0:
  18              		.cfi_sections	.debug_frame
  19              		.section	.text.LED_GPIO_Config,"ax",%progbits
  20              		.align	2
  21              		.global	LED_GPIO_Config
  22              		.thumb
  23              		.thumb_func
  25              	LED_GPIO_Config:
  26              	.LFB29:
  27              		.file 1 "./module/src/led.c"
   1:./module/src/led.c **** #include "led.h"
   2:./module/src/led.c **** 
   3:./module/src/led.c **** void LED_GPIO_Config(void)
   4:./module/src/led.c **** {
  28              		.loc 1 4 0
  29              		.cfi_startproc
  30              		@ args = 0, pretend = 0, frame = 8
  31              		@ frame_needed = 0, uses_anonymous_args = 0
  32 0000 F0B5     		push	{r4, r5, r6, r7, lr}
  33              	.LCFI0:
  34              		.cfi_def_cfa_offset 20
  35              		.cfi_offset 4, -20
  36              		.cfi_offset 5, -16
  37              		.cfi_offset 6, -12
  38              		.cfi_offset 7, -8
  39              		.cfi_offset 14, -4
  40 0002 83B0     		sub	sp, sp, #12
  41              	.LCFI1:
  42              		.cfi_def_cfa_offset 32
   5:./module/src/led.c ****     GPIO_InitTypeDef GPIO_InitStructure;
   6:./module/src/led.c **** 	RCC_APB2PeriphClockCmd( RCC_APB2Periph_GPIOB, ENABLE); // 使能PB端口时钟  
  43              		.loc 1 6 0
  44 0004 0121     		movs	r1, #1
  45 0006 0820     		movs	r0, #8
  46 0008 FFF7FEFF 		bl	RCC_APB2PeriphClockCmd
  47              	.LVL0:
   7:./module/src/led.c **** 	RCC_APB2PeriphClockCmd( RCC_APB2Periph_GPIOE, ENABLE); // 使能PE端口时钟  
  48              		.loc 1 7 0
  49 000c 0121     		movs	r1, #1
  50 000e 4020     		movs	r0, #64
  51 0010 FFF7FEFF 		bl	RCC_APB2PeriphClockCmd
ARM GAS  /tmp/ccTM34kg.s 			page 2


  52              	.LVL1:
   8:./module/src/led.c **** 
   9:./module/src/led.c **** 	GPIO_InitStructure.GPIO_Pin = GPIO_Pin_5;	
  53              		.loc 1 9 0
  54 0014 2024     		movs	r4, #32
  55 0016 ADF80440 		strh	r4, [sp, #4]	@ movhi
  10:./module/src/led.c **** 	GPIO_InitStructure.GPIO_Mode = GPIO_Mode_Out_PP;       
  56              		.loc 1 10 0
  57 001a 1026     		movs	r6, #16
  58 001c 8DF80760 		strb	r6, [sp, #7]
  11:./module/src/led.c **** 	GPIO_InitStructure.GPIO_Speed = GPIO_Speed_50MHz;
  59              		.loc 1 11 0
  60 0020 0325     		movs	r5, #3
  61 0022 8DF80650 		strb	r5, [sp, #6]
  12:./module/src/led.c **** 	GPIO_Init(GPIOB, &GPIO_InitStructure);  //初始化PB端口 
  62              		.loc 1 12 0
  63 0026 0D4F     		ldr	r7, .L3
  64 0028 01A9     		add	r1, sp, #4
  65 002a 3846     		mov	r0, r7
  66 002c FFF7FEFF 		bl	GPIO_Init
  67              	.LVL2:
  13:./module/src/led.c **** 	GPIO_SetBits(GPIOB, GPIO_Pin_5);	 // 关闭所有LED 
  68              		.loc 1 13 0
  69 0030 2146     		mov	r1, r4
  70 0032 3846     		mov	r0, r7
  71 0034 FFF7FEFF 		bl	GPIO_SetBits
  72              	.LVL3:
  14:./module/src/led.c **** 
  15:./module/src/led.c **** 	GPIO_InitStructure.GPIO_Pin = GPIO_Pin_5;	
  73              		.loc 1 15 0
  74 0038 ADF80440 		strh	r4, [sp, #4]	@ movhi
  16:./module/src/led.c **** 	GPIO_InitStructure.GPIO_Mode = GPIO_Mode_Out_PP;       
  75              		.loc 1 16 0
  76 003c 8DF80760 		strb	r6, [sp, #7]
  17:./module/src/led.c **** 	GPIO_InitStructure.GPIO_Speed = GPIO_Speed_50MHz;
  77              		.loc 1 17 0
  78 0040 8DF80650 		strb	r5, [sp, #6]
  18:./module/src/led.c **** 	GPIO_Init(GPIOE, &GPIO_InitStructure);  //初始化PB端口 
  79              		.loc 1 18 0
  80 0044 064D     		ldr	r5, .L3+4
  81 0046 01A9     		add	r1, sp, #4
  82 0048 2846     		mov	r0, r5
  83 004a FFF7FEFF 		bl	GPIO_Init
  84              	.LVL4:
  19:./module/src/led.c **** 	GPIO_SetBits(GPIOE, GPIO_Pin_5);	 // 关闭所有LED 
  85              		.loc 1 19 0
  86 004e 2146     		mov	r1, r4
  87 0050 2846     		mov	r0, r5
  88 0052 FFF7FEFF 		bl	GPIO_SetBits
  89              	.LVL5:
  20:./module/src/led.c **** }...
  90              		.loc 1 20 0
  91 0056 03B0     		add	sp, sp, #12
  92              	.LCFI2:
  93              		.cfi_def_cfa_offset 20
  94              		@ sp needed
  95 0058 F0BD     		pop	{r4, r5, r6, r7, pc}
ARM GAS  /tmp/ccTM34kg.s 			page 3


  96              	.L4:
  97 005a 00BF     		.align	2
  98              	.L3:
  99 005c 000C0140 		.word	1073810432
 100 0060 00180140 		.word	1073813504
 101              		.cfi_endproc
 102              	.LFE29:
 104              		.text
 105              	.Letext0:
 106              		.file 2 "/opt/gcc-arm-none-eabi-5_4-2016q3/arm-none-eabi/include/machine/_default_types.h"
 107              		.file 3 "/opt/gcc-arm-none-eabi-5_4-2016q3/arm-none-eabi/include/sys/_stdint.h"
 108              		.file 4 "cmsis/stm32f10x.h"
 109              		.file 5 "libraries/inc/stm32f10x_gpio.h"
 110              		.file 6 "libraries/inc/stm32f10x_rcc.h"
 111              		.file 7 "cmsis/core_cm3.h"
ARM GAS  /tmp/ccTM34kg.s 			page 4


DEFINED SYMBOLS
                            *ABS*:00000000 led.c
     /tmp/ccTM34kg.s:20     .text.LED_GPIO_Config:00000000 $t
     /tmp/ccTM34kg.s:25     .text.LED_GPIO_Config:00000000 LED_GPIO_Config
     /tmp/ccTM34kg.s:99     .text.LED_GPIO_Config:0000005c $d
                     .debug_frame:00000010 $d

UNDEFINED SYMBOLS
RCC_APB2PeriphClockCmd
GPIO_Init
GPIO_SetBits
