ARM GAS  /tmp/cckYAGQ5.s 			page 1


   1              		.syntax unified
   2              		.cpu cortex-m3
   3              		.fpu softvfp
   4              		.eabi_attribute 20, 1
   5              		.eabi_attribute 21, 1
   6              		.eabi_attribute 23, 3
   7              		.eabi_attribute 24, 1
   8              		.eabi_attribute 25, 1
   9              		.eabi_attribute 26, 1
  10              		.eabi_attribute 30, 1
  11              		.eabi_attribute 34, 1
  12              		.eabi_attribute 18, 4
  13              		.thumb
  14              		.syntax unified
  15              		.file	"misc.c"
  16              		.text
  17              	.Ltext0:
  18              		.cfi_sections	.debug_frame
  19              		.section	.text.NVIC_PriorityGroupConfig,"ax",%progbits
  20              		.align	2
  21              		.global	NVIC_PriorityGroupConfig
  22              		.thumb
  23              		.thumb_func
  25              	NVIC_PriorityGroupConfig:
  26              	.LFB29:
  27              		.file 1 "./libraries/src/misc.c"
   1:./libraries/src/misc.c **** /**
   2:./libraries/src/misc.c ****   ******************************************************************************
   3:./libraries/src/misc.c ****   * @file    misc.c
   4:./libraries/src/misc.c ****   * @author  MCD Application Team
   5:./libraries/src/misc.c ****   * @version V3.5.0
   6:./libraries/src/misc.c ****   * @date    11-March-2011
   7:./libraries/src/misc.c ****   * @brief   This file provides all the miscellaneous firmware functions (add-on
   8:./libraries/src/misc.c ****   *          to CMSIS functions).
   9:./libraries/src/misc.c ****   ******************************************************************************
  10:./libraries/src/misc.c ****   * @attention
  11:./libraries/src/misc.c ****   *
  12:./libraries/src/misc.c ****   * THE PRESENT FIRMWARE WHICH IS FOR GUIDANCE ONLY AIMS AT PROVIDING CUSTOMERS
  13:./libraries/src/misc.c ****   * WITH CODING INFORMATION REGARDING THEIR PRODUCTS IN ORDER FOR THEM TO SAVE
  14:./libraries/src/misc.c ****   * TIME. AS A RESULT, STMICROELECTRONICS SHALL NOT BE HELD LIABLE FOR ANY
  15:./libraries/src/misc.c ****   * DIRECT, INDIRECT OR CONSEQUENTIAL DAMAGES WITH RESPECT TO ANY CLAIMS ARISING
  16:./libraries/src/misc.c ****   * FROM THE CONTENT OF SUCH FIRMWARE AND/OR THE USE MADE BY CUSTOMERS OF THE
  17:./libraries/src/misc.c ****   * CODING INFORMATION CONTAINED HEREIN IN CONNECTION WITH THEIR PRODUCTS.
  18:./libraries/src/misc.c ****   *
  19:./libraries/src/misc.c ****   * <h2><center>&copy; COPYRIGHT 2011 STMicroelectronics</center></h2>
  20:./libraries/src/misc.c ****   ******************************************************************************
  21:./libraries/src/misc.c ****   */
  22:./libraries/src/misc.c **** 
  23:./libraries/src/misc.c **** /* Includes ------------------------------------------------------------------*/
  24:./libraries/src/misc.c **** #include "misc.h"
  25:./libraries/src/misc.c **** 
  26:./libraries/src/misc.c **** /** @addtogroup STM32F10x_StdPeriph_Driver
  27:./libraries/src/misc.c ****   * @{
  28:./libraries/src/misc.c ****   */
  29:./libraries/src/misc.c **** 
  30:./libraries/src/misc.c **** /** @defgroup MISC 
  31:./libraries/src/misc.c ****   * @brief MISC driver modules
ARM GAS  /tmp/cckYAGQ5.s 			page 2


  32:./libraries/src/misc.c ****   * @{
  33:./libraries/src/misc.c ****   */
  34:./libraries/src/misc.c **** 
  35:./libraries/src/misc.c **** /** @defgroup MISC_Private_TypesDefinitions
  36:./libraries/src/misc.c ****   * @{
  37:./libraries/src/misc.c ****   */
  38:./libraries/src/misc.c **** 
  39:./libraries/src/misc.c **** /**
  40:./libraries/src/misc.c ****   * @}
  41:./libraries/src/misc.c ****   */ 
  42:./libraries/src/misc.c **** 
  43:./libraries/src/misc.c **** /** @defgroup MISC_Private_Defines
  44:./libraries/src/misc.c ****   * @{
  45:./libraries/src/misc.c ****   */
  46:./libraries/src/misc.c **** 
  47:./libraries/src/misc.c **** #define AIRCR_VECTKEY_MASK    ((uint32_t)0x05FA0000)
  48:./libraries/src/misc.c **** /**
  49:./libraries/src/misc.c ****   * @}
  50:./libraries/src/misc.c ****   */
  51:./libraries/src/misc.c **** 
  52:./libraries/src/misc.c **** /** @defgroup MISC_Private_Macros
  53:./libraries/src/misc.c ****   * @{
  54:./libraries/src/misc.c ****   */
  55:./libraries/src/misc.c **** 
  56:./libraries/src/misc.c **** /**
  57:./libraries/src/misc.c ****   * @}
  58:./libraries/src/misc.c ****   */
  59:./libraries/src/misc.c **** 
  60:./libraries/src/misc.c **** /** @defgroup MISC_Private_Variables
  61:./libraries/src/misc.c ****   * @{
  62:./libraries/src/misc.c ****   */
  63:./libraries/src/misc.c **** 
  64:./libraries/src/misc.c **** /**
  65:./libraries/src/misc.c ****   * @}
  66:./libraries/src/misc.c ****   */
  67:./libraries/src/misc.c **** 
  68:./libraries/src/misc.c **** /** @defgroup MISC_Private_FunctionPrototypes
  69:./libraries/src/misc.c ****   * @{
  70:./libraries/src/misc.c ****   */
  71:./libraries/src/misc.c **** 
  72:./libraries/src/misc.c **** /**
  73:./libraries/src/misc.c ****   * @}
  74:./libraries/src/misc.c ****   */
  75:./libraries/src/misc.c **** 
  76:./libraries/src/misc.c **** /** @defgroup MISC_Private_Functions
  77:./libraries/src/misc.c ****   * @{
  78:./libraries/src/misc.c ****   */
  79:./libraries/src/misc.c **** 
  80:./libraries/src/misc.c **** /**
  81:./libraries/src/misc.c ****   * @brief  Configures the priority grouping: pre-emption priority and subpriority.
  82:./libraries/src/misc.c ****   * @param  NVIC_PriorityGroup: specifies the priority grouping bits length. 
  83:./libraries/src/misc.c ****   *   This parameter can be one of the following values:
  84:./libraries/src/misc.c ****   *     @arg NVIC_PriorityGroup_0: 0 bits for pre-emption priority
  85:./libraries/src/misc.c ****   *                                4 bits for subpriority
  86:./libraries/src/misc.c ****   *     @arg NVIC_PriorityGroup_1: 1 bits for pre-emption priority
  87:./libraries/src/misc.c ****   *                                3 bits for subpriority
  88:./libraries/src/misc.c ****   *     @arg NVIC_PriorityGroup_2: 2 bits for pre-emption priority
ARM GAS  /tmp/cckYAGQ5.s 			page 3


  89:./libraries/src/misc.c ****   *                                2 bits for subpriority
  90:./libraries/src/misc.c ****   *     @arg NVIC_PriorityGroup_3: 3 bits for pre-emption priority
  91:./libraries/src/misc.c ****   *                                1 bits for subpriority
  92:./libraries/src/misc.c ****   *     @arg NVIC_PriorityGroup_4: 4 bits for pre-emption priority
  93:./libraries/src/misc.c ****   *                                0 bits for subpriority
  94:./libraries/src/misc.c ****   * @retval None
  95:./libraries/src/misc.c ****   */
  96:./libraries/src/misc.c **** void NVIC_PriorityGroupConfig(uint32_t NVIC_PriorityGroup)
  97:./libraries/src/misc.c **** {
  28              		.loc 1 97 0
  29              		.cfi_startproc
  30              		@ args = 0, pretend = 0, frame = 0
  31              		@ frame_needed = 0, uses_anonymous_args = 0
  32              		@ link register save eliminated.
  33              	.LVL0:
  98:./libraries/src/misc.c ****   /* Check the parameters */
  99:./libraries/src/misc.c ****   assert_param(IS_NVIC_PRIORITY_GROUP(NVIC_PriorityGroup));
 100:./libraries/src/misc.c ****   
 101:./libraries/src/misc.c ****   /* Set the PRIGROUP[10:8] bits according to NVIC_PriorityGroup value */
 102:./libraries/src/misc.c ****   SCB->AIRCR = AIRCR_VECTKEY_MASK | NVIC_PriorityGroup;
  34              		.loc 1 102 0
  35 0000 40F0BF60 		orr	r0, r0, #100139008
  36              	.LVL1:
  37 0004 40F40030 		orr	r0, r0, #131072
  38 0008 014B     		ldr	r3, .L2
  39 000a D860     		str	r0, [r3, #12]
  40 000c 7047     		bx	lr
  41              	.L3:
  42 000e 00BF     		.align	2
  43              	.L2:
  44 0010 00ED00E0 		.word	-536810240
  45              		.cfi_endproc
  46              	.LFE29:
  48              		.section	.text.NVIC_Init,"ax",%progbits
  49              		.align	2
  50              		.global	NVIC_Init
  51              		.thumb
  52              		.thumb_func
  54              	NVIC_Init:
  55              	.LFB30:
 103:./libraries/src/misc.c **** }
 104:./libraries/src/misc.c **** 
 105:./libraries/src/misc.c **** /**
 106:./libraries/src/misc.c ****   * @brief  Initializes the NVIC peripheral according to the specified
 107:./libraries/src/misc.c ****   *         parameters in the NVIC_InitStruct.
 108:./libraries/src/misc.c ****   * @param  NVIC_InitStruct: pointer to a NVIC_InitTypeDef structure that contains
 109:./libraries/src/misc.c ****   *         the configuration information for the specified NVIC peripheral.
 110:./libraries/src/misc.c ****   * @retval None
 111:./libraries/src/misc.c ****   */
 112:./libraries/src/misc.c **** void NVIC_Init(NVIC_InitTypeDef* NVIC_InitStruct)
 113:./libraries/src/misc.c **** {
  56              		.loc 1 113 0
  57              		.cfi_startproc
  58              		@ args = 0, pretend = 0, frame = 0
  59              		@ frame_needed = 0, uses_anonymous_args = 0
  60              		@ link register save eliminated.
  61              	.LVL2:
ARM GAS  /tmp/cckYAGQ5.s 			page 4


 114:./libraries/src/misc.c ****   uint32_t tmppriority = 0x00, tmppre = 0x00, tmpsub = 0x0F;
 115:./libraries/src/misc.c ****   
 116:./libraries/src/misc.c ****   /* Check the parameters */
 117:./libraries/src/misc.c ****   assert_param(IS_FUNCTIONAL_STATE(NVIC_InitStruct->NVIC_IRQChannelCmd));
 118:./libraries/src/misc.c ****   assert_param(IS_NVIC_PREEMPTION_PRIORITY(NVIC_InitStruct->NVIC_IRQChannelPreemptionPriority));  
 119:./libraries/src/misc.c ****   assert_param(IS_NVIC_SUB_PRIORITY(NVIC_InitStruct->NVIC_IRQChannelSubPriority));
 120:./libraries/src/misc.c ****     
 121:./libraries/src/misc.c ****   if (NVIC_InitStruct->NVIC_IRQChannelCmd != DISABLE)
  62              		.loc 1 121 0
  63 0000 C378     		ldrb	r3, [r0, #3]	@ zero_extendqisi2
  64 0002 FBB1     		cbz	r3, .L5
 122:./libraries/src/misc.c ****   {
 123:./libraries/src/misc.c ****     /* Compute the Corresponding IRQ Priority --------------------------------*/    
 124:./libraries/src/misc.c ****     tmppriority = (0x700 - ((SCB->AIRCR) & (uint32_t)0x700))>> 0x08;
  65              		.loc 1 124 0
  66 0004 154B     		ldr	r3, .L7
  67 0006 DB68     		ldr	r3, [r3, #12]
  68 0008 DB43     		mvns	r3, r3
  69 000a C3F30223 		ubfx	r3, r3, #8, #3
  70              	.LVL3:
 125:./libraries/src/misc.c ****     tmppre = (0x4 - tmppriority);
  71              		.loc 1 125 0
  72 000e C3F10401 		rsb	r1, r3, #4
  73              	.LVL4:
 126:./libraries/src/misc.c ****     tmpsub = tmpsub >> tmppriority;
  74              		.loc 1 126 0
  75 0012 0F22     		movs	r2, #15
  76 0014 DA40     		lsrs	r2, r2, r3
  77              	.LVL5:
 127:./libraries/src/misc.c **** 
 128:./libraries/src/misc.c ****     tmppriority = (uint32_t)NVIC_InitStruct->NVIC_IRQChannelPreemptionPriority << tmppre;
  78              		.loc 1 128 0
  79 0016 4378     		ldrb	r3, [r0, #1]	@ zero_extendqisi2
  80              	.LVL6:
  81 0018 03FA01F1 		lsl	r1, r3, r1
  82              	.LVL7:
 129:./libraries/src/misc.c ****     tmppriority |=  NVIC_InitStruct->NVIC_IRQChannelSubPriority & tmpsub;
  83              		.loc 1 129 0
  84 001c 8378     		ldrb	r3, [r0, #2]	@ zero_extendqisi2
  85 001e 1340     		ands	r3, r3, r2
  86 0020 0B43     		orrs	r3, r3, r1
  87              	.LVL8:
 130:./libraries/src/misc.c ****     tmppriority = tmppriority << 0x04;
  88              		.loc 1 130 0
  89 0022 1B01     		lsls	r3, r3, #4
  90              	.LVL9:
 131:./libraries/src/misc.c ****         
 132:./libraries/src/misc.c ****     NVIC->IP[NVIC_InitStruct->NVIC_IRQChannel] = tmppriority;
  91              		.loc 1 132 0
  92 0024 0278     		ldrb	r2, [r0]	@ zero_extendqisi2
  93              	.LVL10:
  94 0026 DBB2     		uxtb	r3, r3
  95              	.LVL11:
  96 0028 0D49     		ldr	r1, .L7+4
  97 002a 0A44     		add	r2, r2, r1
  98 002c 82F80033 		strb	r3, [r2, #768]
 133:./libraries/src/misc.c ****     
ARM GAS  /tmp/cckYAGQ5.s 			page 5


 134:./libraries/src/misc.c ****     /* Enable the Selected IRQ Channels --------------------------------------*/
 135:./libraries/src/misc.c ****     NVIC->ISER[NVIC_InitStruct->NVIC_IRQChannel >> 0x05] =
  99              		.loc 1 135 0
 100 0030 0378     		ldrb	r3, [r0]	@ zero_extendqisi2
 101 0032 5809     		lsrs	r0, r3, #5
 102              	.LVL12:
 136:./libraries/src/misc.c ****       (uint32_t)0x01 << (NVIC_InitStruct->NVIC_IRQChannel & (uint8_t)0x1F);
 103              		.loc 1 136 0
 104 0034 03F01F03 		and	r3, r3, #31
 105 0038 0122     		movs	r2, #1
 106 003a 02FA03F3 		lsl	r3, r2, r3
 135:./libraries/src/misc.c ****       (uint32_t)0x01 << (NVIC_InitStruct->NVIC_IRQChannel & (uint8_t)0x1F);
 107              		.loc 1 135 0
 108 003e 41F82030 		str	r3, [r1, r0, lsl #2]
 109 0042 7047     		bx	lr
 110              	.LVL13:
 111              	.L5:
 137:./libraries/src/misc.c ****   }
 138:./libraries/src/misc.c ****   else
 139:./libraries/src/misc.c ****   {
 140:./libraries/src/misc.c ****     /* Disable the Selected IRQ Channels -------------------------------------*/
 141:./libraries/src/misc.c ****     NVIC->ICER[NVIC_InitStruct->NVIC_IRQChannel >> 0x05] =
 112              		.loc 1 141 0
 113 0044 0378     		ldrb	r3, [r0]	@ zero_extendqisi2
 114 0046 5A09     		lsrs	r2, r3, #5
 142:./libraries/src/misc.c ****       (uint32_t)0x01 << (NVIC_InitStruct->NVIC_IRQChannel & (uint8_t)0x1F);
 115              		.loc 1 142 0
 116 0048 03F01F03 		and	r3, r3, #31
 117 004c 0121     		movs	r1, #1
 118 004e 01FA03F3 		lsl	r3, r1, r3
 141:./libraries/src/misc.c ****       (uint32_t)0x01 << (NVIC_InitStruct->NVIC_IRQChannel & (uint8_t)0x1F);
 119              		.loc 1 141 0
 120 0052 2032     		adds	r2, r2, #32
 121 0054 0249     		ldr	r1, .L7+4
 122 0056 41F82230 		str	r3, [r1, r2, lsl #2]
 123 005a 7047     		bx	lr
 124              	.L8:
 125              		.align	2
 126              	.L7:
 127 005c 00ED00E0 		.word	-536810240
 128 0060 00E100E0 		.word	-536813312
 129              		.cfi_endproc
 130              	.LFE30:
 132              		.section	.text.NVIC_SetVectorTable,"ax",%progbits
 133              		.align	2
 134              		.global	NVIC_SetVectorTable
 135              		.thumb
 136              		.thumb_func
 138              	NVIC_SetVectorTable:
 139              	.LFB31:
 143:./libraries/src/misc.c ****   }
 144:./libraries/src/misc.c **** }
 145:./libraries/src/misc.c **** 
 146:./libraries/src/misc.c **** /**
 147:./libraries/src/misc.c ****   * @brief  Sets the vector table location and Offset.
 148:./libraries/src/misc.c ****   * @param  NVIC_VectTab: specifies if the vector table is in RAM or FLASH memory.
 149:./libraries/src/misc.c ****   *   This parameter can be one of the following values:
ARM GAS  /tmp/cckYAGQ5.s 			page 6


 150:./libraries/src/misc.c ****   *     @arg NVIC_VectTab_RAM
 151:./libraries/src/misc.c ****   *     @arg NVIC_VectTab_FLASH
 152:./libraries/src/misc.c ****   * @param  Offset: Vector Table base offset field. This value must be a multiple 
 153:./libraries/src/misc.c ****   *         of 0x200.
 154:./libraries/src/misc.c ****   * @retval None
 155:./libraries/src/misc.c ****   */
 156:./libraries/src/misc.c **** void NVIC_SetVectorTable(uint32_t NVIC_VectTab, uint32_t Offset)
 157:./libraries/src/misc.c **** { 
 140              		.loc 1 157 0
 141              		.cfi_startproc
 142              		@ args = 0, pretend = 0, frame = 0
 143              		@ frame_needed = 0, uses_anonymous_args = 0
 144              		@ link register save eliminated.
 145              	.LVL14:
 158:./libraries/src/misc.c ****   /* Check the parameters */
 159:./libraries/src/misc.c ****   assert_param(IS_NVIC_VECTTAB(NVIC_VectTab));
 160:./libraries/src/misc.c ****   assert_param(IS_NVIC_OFFSET(Offset));  
 161:./libraries/src/misc.c ****    
 162:./libraries/src/misc.c ****   SCB->VTOR = NVIC_VectTab | (Offset & (uint32_t)0x1FFFFF80);
 146              		.loc 1 162 0
 147 0000 21F06041 		bic	r1, r1, #-536870912
 148              	.LVL15:
 149 0004 21F07F01 		bic	r1, r1, #127
 150 0008 0843     		orrs	r0, r0, r1
 151              	.LVL16:
 152 000a 014B     		ldr	r3, .L10
 153 000c 9860     		str	r0, [r3, #8]
 154 000e 7047     		bx	lr
 155              	.L11:
 156              		.align	2
 157              	.L10:
 158 0010 00ED00E0 		.word	-536810240
 159              		.cfi_endproc
 160              	.LFE31:
 162              		.section	.text.NVIC_SystemLPConfig,"ax",%progbits
 163              		.align	2
 164              		.global	NVIC_SystemLPConfig
 165              		.thumb
 166              		.thumb_func
 168              	NVIC_SystemLPConfig:
 169              	.LFB32:
 163:./libraries/src/misc.c **** }
 164:./libraries/src/misc.c **** 
 165:./libraries/src/misc.c **** /**
 166:./libraries/src/misc.c ****   * @brief  Selects the condition for the system to enter low power mode.
 167:./libraries/src/misc.c ****   * @param  LowPowerMode: Specifies the new mode for the system to enter low power mode.
 168:./libraries/src/misc.c ****   *   This parameter can be one of the following values:
 169:./libraries/src/misc.c ****   *     @arg NVIC_LP_SEVONPEND
 170:./libraries/src/misc.c ****   *     @arg NVIC_LP_SLEEPDEEP
 171:./libraries/src/misc.c ****   *     @arg NVIC_LP_SLEEPONEXIT
 172:./libraries/src/misc.c ****   * @param  NewState: new state of LP condition. This parameter can be: ENABLE or DISABLE.
 173:./libraries/src/misc.c ****   * @retval None
 174:./libraries/src/misc.c ****   */
 175:./libraries/src/misc.c **** void NVIC_SystemLPConfig(uint8_t LowPowerMode, FunctionalState NewState)
 176:./libraries/src/misc.c **** {
 170              		.loc 1 176 0
 171              		.cfi_startproc
ARM GAS  /tmp/cckYAGQ5.s 			page 7


 172              		@ args = 0, pretend = 0, frame = 0
 173              		@ frame_needed = 0, uses_anonymous_args = 0
 174              		@ link register save eliminated.
 175              	.LVL17:
 177:./libraries/src/misc.c ****   /* Check the parameters */
 178:./libraries/src/misc.c ****   assert_param(IS_NVIC_LP(LowPowerMode));
 179:./libraries/src/misc.c ****   assert_param(IS_FUNCTIONAL_STATE(NewState));  
 180:./libraries/src/misc.c ****   
 181:./libraries/src/misc.c ****   if (NewState != DISABLE)
 176              		.loc 1 181 0
 177 0000 21B1     		cbz	r1, .L13
 182:./libraries/src/misc.c ****   {
 183:./libraries/src/misc.c ****     SCB->SCR |= LowPowerMode;
 178              		.loc 1 183 0
 179 0002 054A     		ldr	r2, .L15
 180 0004 1369     		ldr	r3, [r2, #16]
 181 0006 1843     		orrs	r0, r0, r3
 182              	.LVL18:
 183 0008 1061     		str	r0, [r2, #16]
 184 000a 7047     		bx	lr
 185              	.LVL19:
 186              	.L13:
 184:./libraries/src/misc.c ****   }
 185:./libraries/src/misc.c ****   else
 186:./libraries/src/misc.c ****   {
 187:./libraries/src/misc.c ****     SCB->SCR &= (uint32_t)(~(uint32_t)LowPowerMode);
 187              		.loc 1 187 0
 188 000c 024A     		ldr	r2, .L15
 189 000e 1369     		ldr	r3, [r2, #16]
 190 0010 23EA0000 		bic	r0, r3, r0
 191              	.LVL20:
 192 0014 1061     		str	r0, [r2, #16]
 193 0016 7047     		bx	lr
 194              	.L16:
 195              		.align	2
 196              	.L15:
 197 0018 00ED00E0 		.word	-536810240
 198              		.cfi_endproc
 199              	.LFE32:
 201              		.section	.text.SysTick_CLKSourceConfig,"ax",%progbits
 202              		.align	2
 203              		.global	SysTick_CLKSourceConfig
 204              		.thumb
 205              		.thumb_func
 207              	SysTick_CLKSourceConfig:
 208              	.LFB33:
 188:./libraries/src/misc.c ****   }
 189:./libraries/src/misc.c **** }
 190:./libraries/src/misc.c **** 
 191:./libraries/src/misc.c **** /**
 192:./libraries/src/misc.c ****   * @brief  Configures the SysTick clock source.
 193:./libraries/src/misc.c ****   * @param  SysTick_CLKSource: specifies the SysTick clock source.
 194:./libraries/src/misc.c ****   *   This parameter can be one of the following values:
 195:./libraries/src/misc.c ****   *     @arg SysTick_CLKSource_HCLK_Div8: AHB clock divided by 8 selected as SysTick clock source.
 196:./libraries/src/misc.c ****   *     @arg SysTick_CLKSource_HCLK: AHB clock selected as SysTick clock source.
 197:./libraries/src/misc.c ****   * @retval None
 198:./libraries/src/misc.c ****   */
ARM GAS  /tmp/cckYAGQ5.s 			page 8


 199:./libraries/src/misc.c **** void SysTick_CLKSourceConfig(uint32_t SysTick_CLKSource)
 200:./libraries/src/misc.c **** {
 209              		.loc 1 200 0
 210              		.cfi_startproc
 211              		@ args = 0, pretend = 0, frame = 0
 212              		@ frame_needed = 0, uses_anonymous_args = 0
 213              		@ link register save eliminated.
 214              	.LVL21:
 201:./libraries/src/misc.c ****   /* Check the parameters */
 202:./libraries/src/misc.c ****   assert_param(IS_SYSTICK_CLK_SOURCE(SysTick_CLKSource));
 203:./libraries/src/misc.c ****   if (SysTick_CLKSource == SysTick_CLKSource_HCLK)
 215              		.loc 1 203 0
 216 0000 0428     		cmp	r0, #4
 217 0002 05D1     		bne	.L18
 204:./libraries/src/misc.c ****   {
 205:./libraries/src/misc.c ****     SysTick->CTRL |= SysTick_CLKSource_HCLK;
 218              		.loc 1 205 0
 219 0004 054A     		ldr	r2, .L20
 220 0006 1368     		ldr	r3, [r2]
 221 0008 43F00403 		orr	r3, r3, #4
 222 000c 1360     		str	r3, [r2]
 223 000e 7047     		bx	lr
 224              	.L18:
 206:./libraries/src/misc.c ****   }
 207:./libraries/src/misc.c ****   else
 208:./libraries/src/misc.c ****   {
 209:./libraries/src/misc.c ****     SysTick->CTRL &= SysTick_CLKSource_HCLK_Div8;
 225              		.loc 1 209 0
 226 0010 024A     		ldr	r2, .L20
 227 0012 1368     		ldr	r3, [r2]
 228 0014 23F00403 		bic	r3, r3, #4
 229 0018 1360     		str	r3, [r2]
 230 001a 7047     		bx	lr
 231              	.L21:
 232              		.align	2
 233              	.L20:
 234 001c 10E000E0 		.word	-536813552
 235              		.cfi_endproc
 236              	.LFE33:
 238              		.text
 239              	.Letext0:
 240              		.file 2 "/opt/gcc-arm-none-eabi-5_4-2016q3/arm-none-eabi/include/machine/_default_types.h"
 241              		.file 3 "/opt/gcc-arm-none-eabi-5_4-2016q3/arm-none-eabi/include/sys/_stdint.h"
 242              		.file 4 "cmsis/core_cm3.h"
 243              		.file 5 "cmsis/stm32f10x.h"
 244              		.file 6 "libraries/inc/misc.h"
ARM GAS  /tmp/cckYAGQ5.s 			page 9


DEFINED SYMBOLS
                            *ABS*:00000000 misc.c
     /tmp/cckYAGQ5.s:20     .text.NVIC_PriorityGroupConfig:00000000 $t
     /tmp/cckYAGQ5.s:25     .text.NVIC_PriorityGroupConfig:00000000 NVIC_PriorityGroupConfig
     /tmp/cckYAGQ5.s:44     .text.NVIC_PriorityGroupConfig:00000010 $d
     /tmp/cckYAGQ5.s:49     .text.NVIC_Init:00000000 $t
     /tmp/cckYAGQ5.s:54     .text.NVIC_Init:00000000 NVIC_Init
     /tmp/cckYAGQ5.s:127    .text.NVIC_Init:0000005c $d
     /tmp/cckYAGQ5.s:133    .text.NVIC_SetVectorTable:00000000 $t
     /tmp/cckYAGQ5.s:138    .text.NVIC_SetVectorTable:00000000 NVIC_SetVectorTable
     /tmp/cckYAGQ5.s:158    .text.NVIC_SetVectorTable:00000010 $d
     /tmp/cckYAGQ5.s:163    .text.NVIC_SystemLPConfig:00000000 $t
     /tmp/cckYAGQ5.s:168    .text.NVIC_SystemLPConfig:00000000 NVIC_SystemLPConfig
     /tmp/cckYAGQ5.s:197    .text.NVIC_SystemLPConfig:00000018 $d
     /tmp/cckYAGQ5.s:202    .text.SysTick_CLKSourceConfig:00000000 $t
     /tmp/cckYAGQ5.s:207    .text.SysTick_CLKSourceConfig:00000000 SysTick_CLKSourceConfig
     /tmp/cckYAGQ5.s:234    .text.SysTick_CLKSourceConfig:0000001c $d
                     .debug_frame:00000010 $d

NO UNDEFINED SYMBOLS
