ARM GAS  /tmp/ccJd8UkU.s 			page 1


   1              		.syntax unified
   2              		.cpu cortex-m3
   3              		.fpu softvfp
   4              		.eabi_attribute 20, 1
   5              		.eabi_attribute 21, 1
   6              		.eabi_attribute 23, 3
   7              		.eabi_attribute 24, 1
   8              		.eabi_attribute 25, 1
   9              		.eabi_attribute 26, 1
  10              		.eabi_attribute 30, 1
  11              		.eabi_attribute 34, 1
  12              		.eabi_attribute 18, 4
  13              		.thumb
  14              		.syntax unified
  15              		.file	"stm32f10x_it.c"
  16              		.text
  17              	.Ltext0:
  18              		.cfi_sections	.debug_frame
  19              		.section	.text.NMI_Handler,"ax",%progbits
  20              		.align	2
  21              		.global	NMI_Handler
  22              		.thumb
  23              		.thumb_func
  25              	NMI_Handler:
  26              	.LFB29:
  27              		.file 1 "./user/stm32f10x_it.c"
   1:./user/stm32f10x_it.c **** /**
   2:./user/stm32f10x_it.c ****   ******************************************************************************
   3:./user/stm32f10x_it.c ****   * @file    Project/STM32F10x_StdPeriph_Template/stm32f10x_it.c 
   4:./user/stm32f10x_it.c ****   * @author  MCD Application Team
   5:./user/stm32f10x_it.c ****   * @version V3.5.0
   6:./user/stm32f10x_it.c ****   * @date    08-April-2011
   7:./user/stm32f10x_it.c ****   * @brief   Main Interrupt Service Routines.
   8:./user/stm32f10x_it.c ****   *          This file provides template for all exceptions handler and 
   9:./user/stm32f10x_it.c ****   *          peripherals interrupt service routine.
  10:./user/stm32f10x_it.c ****   ******************************************************************************
  11:./user/stm32f10x_it.c ****   * @attention
  12:./user/stm32f10x_it.c ****   *
  13:./user/stm32f10x_it.c ****   * THE PRESENT FIRMWARE WHICH IS FOR GUIDANCE ONLY AIMS AT PROVIDING CUSTOMERS
  14:./user/stm32f10x_it.c ****   * WITH CODING INFORMATION REGARDING THEIR PRODUCTS IN ORDER FOR THEM TO SAVE
  15:./user/stm32f10x_it.c ****   * TIME. AS A RESULT, STMICROELECTRONICS SHALL NOT BE HELD LIABLE FOR ANY
  16:./user/stm32f10x_it.c ****   * DIRECT, INDIRECT OR CONSEQUENTIAL DAMAGES WITH RESPECT TO ANY CLAIMS ARISING
  17:./user/stm32f10x_it.c ****   * FROM THE CONTENT OF SUCH FIRMWARE AND/OR THE USE MADE BY CUSTOMERS OF THE
  18:./user/stm32f10x_it.c ****   * CODING INFORMATION CONTAINED HEREIN IN CONNECTION WITH THEIR PRODUCTS.
  19:./user/stm32f10x_it.c ****   *
  20:./user/stm32f10x_it.c ****   * <h2><center>&copy; COPYRIGHT 2011 STMicroelectronics</center></h2>
  21:./user/stm32f10x_it.c ****   ******************************************************************************
  22:./user/stm32f10x_it.c ****   */
  23:./user/stm32f10x_it.c **** 
  24:./user/stm32f10x_it.c **** /* Includes ------------------------------------------------------------------*/
  25:./user/stm32f10x_it.c **** #include "stm32f10x_it.h"
  26:./user/stm32f10x_it.c **** 
  27:./user/stm32f10x_it.c **** /** @addtogroup STM32F10x_StdPeriph_Template
  28:./user/stm32f10x_it.c ****   * @{
  29:./user/stm32f10x_it.c ****   */
  30:./user/stm32f10x_it.c **** 
  31:./user/stm32f10x_it.c **** /* Private typedef -----------------------------------------------------------*/
ARM GAS  /tmp/ccJd8UkU.s 			page 2


  32:./user/stm32f10x_it.c **** /* Private define ------------------------------------------------------------*/
  33:./user/stm32f10x_it.c **** /* Private macro -------------------------------------------------------------*/
  34:./user/stm32f10x_it.c **** /* Private variables ---------------------------------------------------------*/
  35:./user/stm32f10x_it.c **** /* Private function prototypes -----------------------------------------------*/
  36:./user/stm32f10x_it.c **** /* Private functions ---------------------------------------------------------*/
  37:./user/stm32f10x_it.c **** 
  38:./user/stm32f10x_it.c **** /******************************************************************************/
  39:./user/stm32f10x_it.c **** /*            Cortex-M3 Processor Exceptions Handlers                         */
  40:./user/stm32f10x_it.c **** /******************************************************************************/
  41:./user/stm32f10x_it.c **** 
  42:./user/stm32f10x_it.c **** /**
  43:./user/stm32f10x_it.c ****   * @brief  This function handles NMI exception.
  44:./user/stm32f10x_it.c ****   * @param  None
  45:./user/stm32f10x_it.c ****   * @retval None
  46:./user/stm32f10x_it.c ****   */
  47:./user/stm32f10x_it.c **** void NMI_Handler(void)
  48:./user/stm32f10x_it.c **** {
  28              		.loc 1 48 0
  29              		.cfi_startproc
  30              		@ args = 0, pretend = 0, frame = 0
  31              		@ frame_needed = 0, uses_anonymous_args = 0
  32              		@ link register save eliminated.
  33 0000 7047     		bx	lr
  34              		.cfi_endproc
  35              	.LFE29:
  37 0002 00BF     		.section	.text.HardFault_Handler,"ax",%progbits
  38              		.align	2
  39              		.global	HardFault_Handler
  40              		.thumb
  41              		.thumb_func
  43              	HardFault_Handler:
  44              	.LFB30:
  49:./user/stm32f10x_it.c **** }
  50:./user/stm32f10x_it.c **** 
  51:./user/stm32f10x_it.c **** /**
  52:./user/stm32f10x_it.c ****   * @brief  This function handles Hard Fault exception.
  53:./user/stm32f10x_it.c ****   * @param  None
  54:./user/stm32f10x_it.c ****   * @retval None
  55:./user/stm32f10x_it.c ****   */
  56:./user/stm32f10x_it.c **** void HardFault_Handler(void)
  57:./user/stm32f10x_it.c **** {
  45              		.loc 1 57 0
  46              		.cfi_startproc
  47              		@ Volatile: function does not return.
  48              		@ args = 0, pretend = 0, frame = 0
  49              		@ frame_needed = 0, uses_anonymous_args = 0
  50              		@ link register save eliminated.
  51              	.L3:
  52 0000 FEE7     		b	.L3
  53              		.cfi_endproc
  54              	.LFE30:
  56 0002 00BF     		.section	.text.MemManage_Handler,"ax",%progbits
  57              		.align	2
  58              		.global	MemManage_Handler
  59              		.thumb
  60              		.thumb_func
  62              	MemManage_Handler:
ARM GAS  /tmp/ccJd8UkU.s 			page 3


  63              	.LFB31:
  58:./user/stm32f10x_it.c ****   /* Go to infinite loop when Hard Fault exception occurs */
  59:./user/stm32f10x_it.c ****   while (1)
  60:./user/stm32f10x_it.c ****   {
  61:./user/stm32f10x_it.c ****   }
  62:./user/stm32f10x_it.c **** }
  63:./user/stm32f10x_it.c **** 
  64:./user/stm32f10x_it.c **** /**
  65:./user/stm32f10x_it.c ****   * @brief  This function handles Memory Manage exception.
  66:./user/stm32f10x_it.c ****   * @param  None
  67:./user/stm32f10x_it.c ****   * @retval None
  68:./user/stm32f10x_it.c ****   */
  69:./user/stm32f10x_it.c **** void MemManage_Handler(void)
  70:./user/stm32f10x_it.c **** {
  64              		.loc 1 70 0
  65              		.cfi_startproc
  66              		@ Volatile: function does not return.
  67              		@ args = 0, pretend = 0, frame = 0
  68              		@ frame_needed = 0, uses_anonymous_args = 0
  69              		@ link register save eliminated.
  70              	.L5:
  71 0000 FEE7     		b	.L5
  72              		.cfi_endproc
  73              	.LFE31:
  75 0002 00BF     		.section	.text.BusFault_Handler,"ax",%progbits
  76              		.align	2
  77              		.global	BusFault_Handler
  78              		.thumb
  79              		.thumb_func
  81              	BusFault_Handler:
  82              	.LFB32:
  71:./user/stm32f10x_it.c ****   /* Go to infinite loop when Memory Manage exception occurs */
  72:./user/stm32f10x_it.c ****   while (1)
  73:./user/stm32f10x_it.c ****   {
  74:./user/stm32f10x_it.c ****   }
  75:./user/stm32f10x_it.c **** }
  76:./user/stm32f10x_it.c **** 
  77:./user/stm32f10x_it.c **** /**
  78:./user/stm32f10x_it.c ****   * @brief  This function handles Bus Fault exception.
  79:./user/stm32f10x_it.c ****   * @param  None
  80:./user/stm32f10x_it.c ****   * @retval None
  81:./user/stm32f10x_it.c ****   */
  82:./user/stm32f10x_it.c **** void BusFault_Handler(void)
  83:./user/stm32f10x_it.c **** {
  83              		.loc 1 83 0
  84              		.cfi_startproc
  85              		@ Volatile: function does not return.
  86              		@ args = 0, pretend = 0, frame = 0
  87              		@ frame_needed = 0, uses_anonymous_args = 0
  88              		@ link register save eliminated.
  89              	.L7:
  90 0000 FEE7     		b	.L7
  91              		.cfi_endproc
  92              	.LFE32:
  94 0002 00BF     		.section	.text.UsageFault_Handler,"ax",%progbits
  95              		.align	2
  96              		.global	UsageFault_Handler
ARM GAS  /tmp/ccJd8UkU.s 			page 4


  97              		.thumb
  98              		.thumb_func
 100              	UsageFault_Handler:
 101              	.LFB33:
  84:./user/stm32f10x_it.c ****   /* Go to infinite loop when Bus Fault exception occurs */
  85:./user/stm32f10x_it.c ****   while (1)
  86:./user/stm32f10x_it.c ****   {
  87:./user/stm32f10x_it.c ****   }
  88:./user/stm32f10x_it.c **** }
  89:./user/stm32f10x_it.c **** 
  90:./user/stm32f10x_it.c **** /**
  91:./user/stm32f10x_it.c ****   * @brief  This function handles Usage Fault exception.
  92:./user/stm32f10x_it.c ****   * @param  None
  93:./user/stm32f10x_it.c ****   * @retval None
  94:./user/stm32f10x_it.c ****   */
  95:./user/stm32f10x_it.c **** void UsageFault_Handler(void)
  96:./user/stm32f10x_it.c **** {
 102              		.loc 1 96 0
 103              		.cfi_startproc
 104              		@ Volatile: function does not return.
 105              		@ args = 0, pretend = 0, frame = 0
 106              		@ frame_needed = 0, uses_anonymous_args = 0
 107              		@ link register save eliminated.
 108              	.L9:
 109 0000 FEE7     		b	.L9
 110              		.cfi_endproc
 111              	.LFE33:
 113 0002 00BF     		.section	.text.SVC_Handler,"ax",%progbits
 114              		.align	2
 115              		.global	SVC_Handler
 116              		.thumb
 117              		.thumb_func
 119              	SVC_Handler:
 120              	.LFB34:
  97:./user/stm32f10x_it.c ****   /* Go to infinite loop when Usage Fault exception occurs */
  98:./user/stm32f10x_it.c ****   while (1)
  99:./user/stm32f10x_it.c ****   {
 100:./user/stm32f10x_it.c ****   }
 101:./user/stm32f10x_it.c **** }
 102:./user/stm32f10x_it.c **** 
 103:./user/stm32f10x_it.c **** /**
 104:./user/stm32f10x_it.c ****   * @brief  This function handles SVCall exception.
 105:./user/stm32f10x_it.c ****   * @param  None
 106:./user/stm32f10x_it.c ****   * @retval None
 107:./user/stm32f10x_it.c ****   */
 108:./user/stm32f10x_it.c **** void SVC_Handler(void)
 109:./user/stm32f10x_it.c **** {
 121              		.loc 1 109 0
 122              		.cfi_startproc
 123              		@ args = 0, pretend = 0, frame = 0
 124              		@ frame_needed = 0, uses_anonymous_args = 0
 125              		@ link register save eliminated.
 126 0000 7047     		bx	lr
 127              		.cfi_endproc
 128              	.LFE34:
 130 0002 00BF     		.section	.text.DebugMon_Handler,"ax",%progbits
 131              		.align	2
ARM GAS  /tmp/ccJd8UkU.s 			page 5


 132              		.global	DebugMon_Handler
 133              		.thumb
 134              		.thumb_func
 136              	DebugMon_Handler:
 137              	.LFB35:
 110:./user/stm32f10x_it.c **** }
 111:./user/stm32f10x_it.c **** 
 112:./user/stm32f10x_it.c **** /**
 113:./user/stm32f10x_it.c ****   * @brief  This function handles Debug Monitor exception.
 114:./user/stm32f10x_it.c ****   * @param  None
 115:./user/stm32f10x_it.c ****   * @retval None
 116:./user/stm32f10x_it.c ****   */
 117:./user/stm32f10x_it.c **** void DebugMon_Handler(void)
 118:./user/stm32f10x_it.c **** {
 138              		.loc 1 118 0
 139              		.cfi_startproc
 140              		@ args = 0, pretend = 0, frame = 0
 141              		@ frame_needed = 0, uses_anonymous_args = 0
 142              		@ link register save eliminated.
 143 0000 7047     		bx	lr
 144              		.cfi_endproc
 145              	.LFE35:
 147 0002 00BF     		.section	.text.PendSV_Handler,"ax",%progbits
 148              		.align	2
 149              		.global	PendSV_Handler
 150              		.thumb
 151              		.thumb_func
 153              	PendSV_Handler:
 154              	.LFB36:
 119:./user/stm32f10x_it.c **** }
 120:./user/stm32f10x_it.c **** 
 121:./user/stm32f10x_it.c **** /**
 122:./user/stm32f10x_it.c ****   * @brief  This function handles PendSVC exception.
 123:./user/stm32f10x_it.c ****   * @param  None
 124:./user/stm32f10x_it.c ****   * @retval None
 125:./user/stm32f10x_it.c ****   */
 126:./user/stm32f10x_it.c **** void PendSV_Handler(void)
 127:./user/stm32f10x_it.c **** {
 155              		.loc 1 127 0
 156              		.cfi_startproc
 157              		@ args = 0, pretend = 0, frame = 0
 158              		@ frame_needed = 0, uses_anonymous_args = 0
 159              		@ link register save eliminated.
 160 0000 7047     		bx	lr
 161              		.cfi_endproc
 162              	.LFE36:
 164 0002 00BF     		.section	.text.SysTick_Handler,"ax",%progbits
 165              		.align	2
 166              		.global	SysTick_Handler
 167              		.thumb
 168              		.thumb_func
 170              	SysTick_Handler:
 171              	.LFB37:
 128:./user/stm32f10x_it.c **** }
 129:./user/stm32f10x_it.c **** 
 130:./user/stm32f10x_it.c **** /**
 131:./user/stm32f10x_it.c ****   * @brief  This function handles SysTick Handler.
ARM GAS  /tmp/ccJd8UkU.s 			page 6


 132:./user/stm32f10x_it.c ****   * @param  None
 133:./user/stm32f10x_it.c ****   * @retval None
 134:./user/stm32f10x_it.c ****   */
 135:./user/stm32f10x_it.c **** void SysTick_Handler(void)
 136:./user/stm32f10x_it.c **** {
 172              		.loc 1 136 0
 173              		.cfi_startproc
 174              		@ args = 0, pretend = 0, frame = 0
 175              		@ frame_needed = 0, uses_anonymous_args = 0
 176              		@ link register save eliminated.
 177 0000 7047     		bx	lr
 178              		.cfi_endproc
 179              	.LFE37:
 181 0002 00BF     		.text
 182              	.Letext0:
 183              		.file 2 "cmsis/core_cm3.h"
ARM GAS  /tmp/ccJd8UkU.s 			page 7


DEFINED SYMBOLS
                            *ABS*:00000000 stm32f10x_it.c
     /tmp/ccJd8UkU.s:20     .text.NMI_Handler:00000000 $t
     /tmp/ccJd8UkU.s:25     .text.NMI_Handler:00000000 NMI_Handler
     /tmp/ccJd8UkU.s:38     .text.HardFault_Handler:00000000 $t
     /tmp/ccJd8UkU.s:43     .text.HardFault_Handler:00000000 HardFault_Handler
     /tmp/ccJd8UkU.s:57     .text.MemManage_Handler:00000000 $t
     /tmp/ccJd8UkU.s:62     .text.MemManage_Handler:00000000 MemManage_Handler
     /tmp/ccJd8UkU.s:76     .text.BusFault_Handler:00000000 $t
     /tmp/ccJd8UkU.s:81     .text.BusFault_Handler:00000000 BusFault_Handler
     /tmp/ccJd8UkU.s:95     .text.UsageFault_Handler:00000000 $t
     /tmp/ccJd8UkU.s:100    .text.UsageFault_Handler:00000000 UsageFault_Handler
     /tmp/ccJd8UkU.s:114    .text.SVC_Handler:00000000 $t
     /tmp/ccJd8UkU.s:119    .text.SVC_Handler:00000000 SVC_Handler
     /tmp/ccJd8UkU.s:131    .text.DebugMon_Handler:00000000 $t
     /tmp/ccJd8UkU.s:136    .text.DebugMon_Handler:00000000 DebugMon_Handler
     /tmp/ccJd8UkU.s:148    .text.PendSV_Handler:00000000 $t
     /tmp/ccJd8UkU.s:153    .text.PendSV_Handler:00000000 PendSV_Handler
     /tmp/ccJd8UkU.s:165    .text.SysTick_Handler:00000000 $t
     /tmp/ccJd8UkU.s:170    .text.SysTick_Handler:00000000 SysTick_Handler
                     .debug_frame:00000010 $d

NO UNDEFINED SYMBOLS
