ARM GAS  /tmp/ccxaI0oF.s 			page 1


   1              		.syntax unified
   2              		.cpu cortex-m3
   3              		.fpu softvfp
   4              		.eabi_attribute 20, 1
   5              		.eabi_attribute 21, 1
   6              		.eabi_attribute 23, 3
   7              		.eabi_attribute 24, 1
   8              		.eabi_attribute 25, 1
   9              		.eabi_attribute 26, 1
  10              		.eabi_attribute 30, 1
  11              		.eabi_attribute 34, 1
  12              		.eabi_attribute 18, 4
  13              		.thumb
  14              		.syntax unified
  15              		.file	"stm32f10x_crc.c"
  16              		.text
  17              	.Ltext0:
  18              		.cfi_sections	.debug_frame
  19              		.section	.text.CRC_ResetDR,"ax",%progbits
  20              		.align	2
  21              		.global	CRC_ResetDR
  22              		.thumb
  23              		.thumb_func
  25              	CRC_ResetDR:
  26              	.LFB29:
  27              		.file 1 "./libraries/src/stm32f10x_crc.c"
   1:./libraries/src/stm32f10x_crc.c **** /**
   2:./libraries/src/stm32f10x_crc.c ****   ******************************************************************************
   3:./libraries/src/stm32f10x_crc.c ****   * @file    stm32f10x_crc.c
   4:./libraries/src/stm32f10x_crc.c ****   * @author  MCD Application Team
   5:./libraries/src/stm32f10x_crc.c ****   * @version V3.5.0
   6:./libraries/src/stm32f10x_crc.c ****   * @date    11-March-2011
   7:./libraries/src/stm32f10x_crc.c ****   * @brief   This file provides all the CRC firmware functions.
   8:./libraries/src/stm32f10x_crc.c ****   ******************************************************************************
   9:./libraries/src/stm32f10x_crc.c ****   * @attention
  10:./libraries/src/stm32f10x_crc.c ****   *
  11:./libraries/src/stm32f10x_crc.c ****   * THE PRESENT FIRMWARE WHICH IS FOR GUIDANCE ONLY AIMS AT PROVIDING CUSTOMERS
  12:./libraries/src/stm32f10x_crc.c ****   * WITH CODING INFORMATION REGARDING THEIR PRODUCTS IN ORDER FOR THEM TO SAVE
  13:./libraries/src/stm32f10x_crc.c ****   * TIME. AS A RESULT, STMICROELECTRONICS SHALL NOT BE HELD LIABLE FOR ANY
  14:./libraries/src/stm32f10x_crc.c ****   * DIRECT, INDIRECT OR CONSEQUENTIAL DAMAGES WITH RESPECT TO ANY CLAIMS ARISING
  15:./libraries/src/stm32f10x_crc.c ****   * FROM THE CONTENT OF SUCH FIRMWARE AND/OR THE USE MADE BY CUSTOMERS OF THE
  16:./libraries/src/stm32f10x_crc.c ****   * CODING INFORMATION CONTAINED HEREIN IN CONNECTION WITH THEIR PRODUCTS.
  17:./libraries/src/stm32f10x_crc.c ****   *
  18:./libraries/src/stm32f10x_crc.c ****   * <h2><center>&copy; COPYRIGHT 2011 STMicroelectronics</center></h2>
  19:./libraries/src/stm32f10x_crc.c ****   ******************************************************************************
  20:./libraries/src/stm32f10x_crc.c ****   */
  21:./libraries/src/stm32f10x_crc.c **** 
  22:./libraries/src/stm32f10x_crc.c **** /* Includes ------------------------------------------------------------------*/
  23:./libraries/src/stm32f10x_crc.c **** #include "stm32f10x_crc.h"
  24:./libraries/src/stm32f10x_crc.c **** 
  25:./libraries/src/stm32f10x_crc.c **** /** @addtogroup STM32F10x_StdPeriph_Driver
  26:./libraries/src/stm32f10x_crc.c ****   * @{
  27:./libraries/src/stm32f10x_crc.c ****   */
  28:./libraries/src/stm32f10x_crc.c **** 
  29:./libraries/src/stm32f10x_crc.c **** /** @defgroup CRC 
  30:./libraries/src/stm32f10x_crc.c ****   * @brief CRC driver modules
  31:./libraries/src/stm32f10x_crc.c ****   * @{
ARM GAS  /tmp/ccxaI0oF.s 			page 2


  32:./libraries/src/stm32f10x_crc.c ****   */
  33:./libraries/src/stm32f10x_crc.c **** 
  34:./libraries/src/stm32f10x_crc.c **** /** @defgroup CRC_Private_TypesDefinitions
  35:./libraries/src/stm32f10x_crc.c ****   * @{
  36:./libraries/src/stm32f10x_crc.c ****   */
  37:./libraries/src/stm32f10x_crc.c **** 
  38:./libraries/src/stm32f10x_crc.c **** /**
  39:./libraries/src/stm32f10x_crc.c ****   * @}
  40:./libraries/src/stm32f10x_crc.c ****   */
  41:./libraries/src/stm32f10x_crc.c **** 
  42:./libraries/src/stm32f10x_crc.c **** /** @defgroup CRC_Private_Defines
  43:./libraries/src/stm32f10x_crc.c ****   * @{
  44:./libraries/src/stm32f10x_crc.c ****   */
  45:./libraries/src/stm32f10x_crc.c **** 
  46:./libraries/src/stm32f10x_crc.c **** /**
  47:./libraries/src/stm32f10x_crc.c ****   * @}
  48:./libraries/src/stm32f10x_crc.c ****   */
  49:./libraries/src/stm32f10x_crc.c **** 
  50:./libraries/src/stm32f10x_crc.c **** /** @defgroup CRC_Private_Macros
  51:./libraries/src/stm32f10x_crc.c ****   * @{
  52:./libraries/src/stm32f10x_crc.c ****   */
  53:./libraries/src/stm32f10x_crc.c **** 
  54:./libraries/src/stm32f10x_crc.c **** /**
  55:./libraries/src/stm32f10x_crc.c ****   * @}
  56:./libraries/src/stm32f10x_crc.c ****   */
  57:./libraries/src/stm32f10x_crc.c **** 
  58:./libraries/src/stm32f10x_crc.c **** /** @defgroup CRC_Private_Variables
  59:./libraries/src/stm32f10x_crc.c ****   * @{
  60:./libraries/src/stm32f10x_crc.c ****   */
  61:./libraries/src/stm32f10x_crc.c **** 
  62:./libraries/src/stm32f10x_crc.c **** /**
  63:./libraries/src/stm32f10x_crc.c ****   * @}
  64:./libraries/src/stm32f10x_crc.c ****   */
  65:./libraries/src/stm32f10x_crc.c **** 
  66:./libraries/src/stm32f10x_crc.c **** /** @defgroup CRC_Private_FunctionPrototypes
  67:./libraries/src/stm32f10x_crc.c ****   * @{
  68:./libraries/src/stm32f10x_crc.c ****   */
  69:./libraries/src/stm32f10x_crc.c **** 
  70:./libraries/src/stm32f10x_crc.c **** /**
  71:./libraries/src/stm32f10x_crc.c ****   * @}
  72:./libraries/src/stm32f10x_crc.c ****   */
  73:./libraries/src/stm32f10x_crc.c **** 
  74:./libraries/src/stm32f10x_crc.c **** /** @defgroup CRC_Private_Functions
  75:./libraries/src/stm32f10x_crc.c ****   * @{
  76:./libraries/src/stm32f10x_crc.c ****   */
  77:./libraries/src/stm32f10x_crc.c **** 
  78:./libraries/src/stm32f10x_crc.c **** /**
  79:./libraries/src/stm32f10x_crc.c ****   * @brief  Resets the CRC Data register (DR).
  80:./libraries/src/stm32f10x_crc.c ****   * @param  None
  81:./libraries/src/stm32f10x_crc.c ****   * @retval None
  82:./libraries/src/stm32f10x_crc.c ****   */
  83:./libraries/src/stm32f10x_crc.c **** void CRC_ResetDR(void)
  84:./libraries/src/stm32f10x_crc.c **** {
  28              		.loc 1 84 0
  29              		.cfi_startproc
  30              		@ args = 0, pretend = 0, frame = 0
  31              		@ frame_needed = 0, uses_anonymous_args = 0
ARM GAS  /tmp/ccxaI0oF.s 			page 3


  32              		@ link register save eliminated.
  85:./libraries/src/stm32f10x_crc.c ****   /* Reset CRC generator */
  86:./libraries/src/stm32f10x_crc.c ****   CRC->CR = CRC_CR_RESET;
  33              		.loc 1 86 0
  34 0000 0122     		movs	r2, #1
  35 0002 014B     		ldr	r3, .L2
  36 0004 9A60     		str	r2, [r3, #8]
  37 0006 7047     		bx	lr
  38              	.L3:
  39              		.align	2
  40              	.L2:
  41 0008 00300240 		.word	1073885184
  42              		.cfi_endproc
  43              	.LFE29:
  45              		.section	.text.CRC_CalcCRC,"ax",%progbits
  46              		.align	2
  47              		.global	CRC_CalcCRC
  48              		.thumb
  49              		.thumb_func
  51              	CRC_CalcCRC:
  52              	.LFB30:
  87:./libraries/src/stm32f10x_crc.c **** }
  88:./libraries/src/stm32f10x_crc.c **** 
  89:./libraries/src/stm32f10x_crc.c **** /**
  90:./libraries/src/stm32f10x_crc.c ****   * @brief  Computes the 32-bit CRC of a given data word(32-bit).
  91:./libraries/src/stm32f10x_crc.c ****   * @param  Data: data word(32-bit) to compute its CRC
  92:./libraries/src/stm32f10x_crc.c ****   * @retval 32-bit CRC
  93:./libraries/src/stm32f10x_crc.c ****   */
  94:./libraries/src/stm32f10x_crc.c **** uint32_t CRC_CalcCRC(uint32_t Data)
  95:./libraries/src/stm32f10x_crc.c **** {
  53              		.loc 1 95 0
  54              		.cfi_startproc
  55              		@ args = 0, pretend = 0, frame = 0
  56              		@ frame_needed = 0, uses_anonymous_args = 0
  57              		@ link register save eliminated.
  58              	.LVL0:
  96:./libraries/src/stm32f10x_crc.c ****   CRC->DR = Data;
  59              		.loc 1 96 0
  60 0000 014B     		ldr	r3, .L5
  61 0002 1860     		str	r0, [r3]
  97:./libraries/src/stm32f10x_crc.c ****   
  98:./libraries/src/stm32f10x_crc.c ****   return (CRC->DR);
  62              		.loc 1 98 0
  63 0004 1868     		ldr	r0, [r3]
  64              	.LVL1:
  99:./libraries/src/stm32f10x_crc.c **** }
  65              		.loc 1 99 0
  66 0006 7047     		bx	lr
  67              	.L6:
  68              		.align	2
  69              	.L5:
  70 0008 00300240 		.word	1073885184
  71              		.cfi_endproc
  72              	.LFE30:
  74              		.section	.text.CRC_CalcBlockCRC,"ax",%progbits
  75              		.align	2
  76              		.global	CRC_CalcBlockCRC
ARM GAS  /tmp/ccxaI0oF.s 			page 4


  77              		.thumb
  78              		.thumb_func
  80              	CRC_CalcBlockCRC:
  81              	.LFB31:
 100:./libraries/src/stm32f10x_crc.c **** 
 101:./libraries/src/stm32f10x_crc.c **** /**
 102:./libraries/src/stm32f10x_crc.c ****   * @brief  Computes the 32-bit CRC of a given buffer of data word(32-bit).
 103:./libraries/src/stm32f10x_crc.c ****   * @param  pBuffer: pointer to the buffer containing the data to be computed
 104:./libraries/src/stm32f10x_crc.c ****   * @param  BufferLength: length of the buffer to be computed					
 105:./libraries/src/stm32f10x_crc.c ****   * @retval 32-bit CRC
 106:./libraries/src/stm32f10x_crc.c ****   */
 107:./libraries/src/stm32f10x_crc.c **** uint32_t CRC_CalcBlockCRC(uint32_t pBuffer[], uint32_t BufferLength)
 108:./libraries/src/stm32f10x_crc.c **** {
  82              		.loc 1 108 0
  83              		.cfi_startproc
  84              		@ args = 0, pretend = 0, frame = 0
  85              		@ frame_needed = 0, uses_anonymous_args = 0
  86              		@ link register save eliminated.
  87              	.LVL2:
  88 0000 10B4     		push	{r4}
  89              	.LCFI0:
  90              		.cfi_def_cfa_offset 4
  91              		.cfi_offset 4, -4
  92              	.LVL3:
 109:./libraries/src/stm32f10x_crc.c ****   uint32_t index = 0;
 110:./libraries/src/stm32f10x_crc.c ****   
 111:./libraries/src/stm32f10x_crc.c ****   for(index = 0; index < BufferLength; index++)
  93              		.loc 1 111 0
  94 0002 0023     		movs	r3, #0
  95 0004 04E0     		b	.L8
  96              	.LVL4:
  97              	.L9:
 112:./libraries/src/stm32f10x_crc.c ****   {
 113:./libraries/src/stm32f10x_crc.c ****     CRC->DR = pBuffer[index];
  98              		.loc 1 113 0 discriminator 3
  99 0006 50F82340 		ldr	r4, [r0, r3, lsl #2]
 100 000a 044A     		ldr	r2, .L11
 101 000c 1460     		str	r4, [r2]
 111:./libraries/src/stm32f10x_crc.c ****   {
 102              		.loc 1 111 0 discriminator 3
 103 000e 0133     		adds	r3, r3, #1
 104              	.LVL5:
 105              	.L8:
 111:./libraries/src/stm32f10x_crc.c ****   {
 106              		.loc 1 111 0 is_stmt 0 discriminator 1
 107 0010 8B42     		cmp	r3, r1
 108 0012 F8D3     		bcc	.L9
 114:./libraries/src/stm32f10x_crc.c ****   }
 115:./libraries/src/stm32f10x_crc.c ****   return (CRC->DR);
 109              		.loc 1 115 0 is_stmt 1
 110 0014 014B     		ldr	r3, .L11
 111              	.LVL6:
 112 0016 1868     		ldr	r0, [r3]
 113              	.LVL7:
 116:./libraries/src/stm32f10x_crc.c **** }
 114              		.loc 1 116 0
 115 0018 10BC     		pop	{r4}
ARM GAS  /tmp/ccxaI0oF.s 			page 5


 116              	.LCFI1:
 117              		.cfi_restore 4
 118              		.cfi_def_cfa_offset 0
 119 001a 7047     		bx	lr
 120              	.L12:
 121              		.align	2
 122              	.L11:
 123 001c 00300240 		.word	1073885184
 124              		.cfi_endproc
 125              	.LFE31:
 127              		.section	.text.CRC_GetCRC,"ax",%progbits
 128              		.align	2
 129              		.global	CRC_GetCRC
 130              		.thumb
 131              		.thumb_func
 133              	CRC_GetCRC:
 134              	.LFB32:
 117:./libraries/src/stm32f10x_crc.c **** 
 118:./libraries/src/stm32f10x_crc.c **** /**
 119:./libraries/src/stm32f10x_crc.c ****   * @brief  Returns the current CRC value.
 120:./libraries/src/stm32f10x_crc.c ****   * @param  None
 121:./libraries/src/stm32f10x_crc.c ****   * @retval 32-bit CRC
 122:./libraries/src/stm32f10x_crc.c ****   */
 123:./libraries/src/stm32f10x_crc.c **** uint32_t CRC_GetCRC(void)
 124:./libraries/src/stm32f10x_crc.c **** {
 135              		.loc 1 124 0
 136              		.cfi_startproc
 137              		@ args = 0, pretend = 0, frame = 0
 138              		@ frame_needed = 0, uses_anonymous_args = 0
 139              		@ link register save eliminated.
 125:./libraries/src/stm32f10x_crc.c ****   return (CRC->DR);
 140              		.loc 1 125 0
 141 0000 014B     		ldr	r3, .L14
 142 0002 1868     		ldr	r0, [r3]
 126:./libraries/src/stm32f10x_crc.c **** }
 143              		.loc 1 126 0
 144 0004 7047     		bx	lr
 145              	.L15:
 146 0006 00BF     		.align	2
 147              	.L14:
 148 0008 00300240 		.word	1073885184
 149              		.cfi_endproc
 150              	.LFE32:
 152              		.section	.text.CRC_SetIDRegister,"ax",%progbits
 153              		.align	2
 154              		.global	CRC_SetIDRegister
 155              		.thumb
 156              		.thumb_func
 158              	CRC_SetIDRegister:
 159              	.LFB33:
 127:./libraries/src/stm32f10x_crc.c **** 
 128:./libraries/src/stm32f10x_crc.c **** /**
 129:./libraries/src/stm32f10x_crc.c ****   * @brief  Stores a 8-bit data in the Independent Data(ID) register.
 130:./libraries/src/stm32f10x_crc.c ****   * @param  IDValue: 8-bit value to be stored in the ID register 					
 131:./libraries/src/stm32f10x_crc.c ****   * @retval None
 132:./libraries/src/stm32f10x_crc.c ****   */
 133:./libraries/src/stm32f10x_crc.c **** void CRC_SetIDRegister(uint8_t IDValue)
ARM GAS  /tmp/ccxaI0oF.s 			page 6


 134:./libraries/src/stm32f10x_crc.c **** {
 160              		.loc 1 134 0
 161              		.cfi_startproc
 162              		@ args = 0, pretend = 0, frame = 0
 163              		@ frame_needed = 0, uses_anonymous_args = 0
 164              		@ link register save eliminated.
 165              	.LVL8:
 135:./libraries/src/stm32f10x_crc.c ****   CRC->IDR = IDValue;
 166              		.loc 1 135 0
 167 0000 014B     		ldr	r3, .L17
 168 0002 1871     		strb	r0, [r3, #4]
 169 0004 7047     		bx	lr
 170              	.L18:
 171 0006 00BF     		.align	2
 172              	.L17:
 173 0008 00300240 		.word	1073885184
 174              		.cfi_endproc
 175              	.LFE33:
 177              		.section	.text.CRC_GetIDRegister,"ax",%progbits
 178              		.align	2
 179              		.global	CRC_GetIDRegister
 180              		.thumb
 181              		.thumb_func
 183              	CRC_GetIDRegister:
 184              	.LFB34:
 136:./libraries/src/stm32f10x_crc.c **** }
 137:./libraries/src/stm32f10x_crc.c **** 
 138:./libraries/src/stm32f10x_crc.c **** /**
 139:./libraries/src/stm32f10x_crc.c ****   * @brief  Returns the 8-bit data stored in the Independent Data(ID) register
 140:./libraries/src/stm32f10x_crc.c ****   * @param  None
 141:./libraries/src/stm32f10x_crc.c ****   * @retval 8-bit value of the ID register 
 142:./libraries/src/stm32f10x_crc.c ****   */
 143:./libraries/src/stm32f10x_crc.c **** uint8_t CRC_GetIDRegister(void)
 144:./libraries/src/stm32f10x_crc.c **** {
 185              		.loc 1 144 0
 186              		.cfi_startproc
 187              		@ args = 0, pretend = 0, frame = 0
 188              		@ frame_needed = 0, uses_anonymous_args = 0
 189              		@ link register save eliminated.
 145:./libraries/src/stm32f10x_crc.c ****   return (CRC->IDR);
 190              		.loc 1 145 0
 191 0000 014B     		ldr	r3, .L20
 192 0002 1879     		ldrb	r0, [r3, #4]	@ zero_extendqisi2
 146:./libraries/src/stm32f10x_crc.c **** }
 193              		.loc 1 146 0
 194 0004 7047     		bx	lr
 195              	.L21:
 196 0006 00BF     		.align	2
 197              	.L20:
 198 0008 00300240 		.word	1073885184
 199              		.cfi_endproc
 200              	.LFE34:
 202              		.text
 203              	.Letext0:
 204              		.file 2 "/opt/gcc-arm-none-eabi-5_4-2016q3/arm-none-eabi/include/machine/_default_types.h"
 205              		.file 3 "/opt/gcc-arm-none-eabi-5_4-2016q3/arm-none-eabi/include/sys/_stdint.h"
 206              		.file 4 "cmsis/stm32f10x.h"
ARM GAS  /tmp/ccxaI0oF.s 			page 7


 207              		.file 5 "cmsis/core_cm3.h"
ARM GAS  /tmp/ccxaI0oF.s 			page 8


DEFINED SYMBOLS
                            *ABS*:00000000 stm32f10x_crc.c
     /tmp/ccxaI0oF.s:20     .text.CRC_ResetDR:00000000 $t
     /tmp/ccxaI0oF.s:25     .text.CRC_ResetDR:00000000 CRC_ResetDR
     /tmp/ccxaI0oF.s:41     .text.CRC_ResetDR:00000008 $d
     /tmp/ccxaI0oF.s:46     .text.CRC_CalcCRC:00000000 $t
     /tmp/ccxaI0oF.s:51     .text.CRC_CalcCRC:00000000 CRC_CalcCRC
     /tmp/ccxaI0oF.s:70     .text.CRC_CalcCRC:00000008 $d
     /tmp/ccxaI0oF.s:75     .text.CRC_CalcBlockCRC:00000000 $t
     /tmp/ccxaI0oF.s:80     .text.CRC_CalcBlockCRC:00000000 CRC_CalcBlockCRC
     /tmp/ccxaI0oF.s:123    .text.CRC_CalcBlockCRC:0000001c $d
     /tmp/ccxaI0oF.s:128    .text.CRC_GetCRC:00000000 $t
     /tmp/ccxaI0oF.s:133    .text.CRC_GetCRC:00000000 CRC_GetCRC
     /tmp/ccxaI0oF.s:148    .text.CRC_GetCRC:00000008 $d
     /tmp/ccxaI0oF.s:153    .text.CRC_SetIDRegister:00000000 $t
     /tmp/ccxaI0oF.s:158    .text.CRC_SetIDRegister:00000000 CRC_SetIDRegister
     /tmp/ccxaI0oF.s:173    .text.CRC_SetIDRegister:00000008 $d
     /tmp/ccxaI0oF.s:178    .text.CRC_GetIDRegister:00000000 $t
     /tmp/ccxaI0oF.s:183    .text.CRC_GetIDRegister:00000000 CRC_GetIDRegister
     /tmp/ccxaI0oF.s:198    .text.CRC_GetIDRegister:00000008 $d
                     .debug_frame:00000010 $d

NO UNDEFINED SYMBOLS
